# JRE version: Java(TM) SE Runtime Environment (8.0_45-b14) (build 1.8.0_45-b14)
# Java VM: Java HotSpot(TM) 64-Bit Server VM (25.45-b02 mixed mode bsd-amd64 compressed oops)
Heap:
 PSYoungGen      total 158208K, used 106583K [0x00000007aab00000, 0x00000007b8500000, 0x00000007c0000000)
  eden space 146432K, 64% used [0x00000007aab00000,0x00000007b0797198,0x00000007b3a00000)
  from space 11776K, 99% used [0x00000007b3a00000,0x00000007b457ea80,0x00000007b4580000)
  to   space 15360K, 0% used [0x00000007b7600000,0x00000007b7600000,0x00000007b8500000)
 ParOldGen       total 58368K, used 26513K [0x0000000780000000, 0x0000000783900000, 0x00000007aab00000)
  object space 58368K, 45% used [0x0000000780000000,0x00000007819e4558,0x0000000783900000)
 Metaspace       used 53806K, capacity 54340K, committed 54656K, reserved 1097728K
  class space    used 6608K, capacity 6719K, committed 6784K, reserved 1048576K
GC Heap History (10 events):
Event: 3.680 GC heap before
{Heap before GC invocations=9 (full 1):
 PSYoungGen      total 73216K, used 65536K [0x00000007aab00000, 0x00000007b3a00000, 0x00000007c0000000)
  eden space 65536K, 100% used [0x00000007aab00000,0x00000007aeb00000,0x00000007aeb00000)
  from space 7680K, 0% used [0x00000007aeb00000,0x00000007aeb00000,0x00000007af280000)
  to   space 7680K, 0% used [0x00000007b3280000,0x00000007b3280000,0x00000007b3a00000)
 ParOldGen       total 39424K, used 12511K [0x0000000780000000, 0x0000000782680000, 0x00000007aab00000)
  object space 39424K, 31% used [0x0000000780000000,0x0000000780c37c80,0x0000000782680000)
 Metaspace       used 22468K, capacity 22722K, committed 23040K, reserved 1069056K
  class space    used 2721K, capacity 2782K, committed 2816K, reserved 1048576K
Event: 3.694 GC heap after
Heap after GC invocations=9 (full 1):
 PSYoungGen      total 114688K, used 5813K [0x00000007aab00000, 0x00000007b3880000, 0x00000007c0000000)
  eden space 108544K, 0% used [0x00000007aab00000,0x00000007aab00000,0x00000007b1500000)
  from space 6144K, 94% used [0x00000007b3280000,0x00000007b382d578,0x00000007b3880000)
  to   space 8192K, 0% used [0x00000007b2880000,0x00000007b2880000,0x00000007b3080000)
 ParOldGen       total 39424K, used 12519K [0x0000000780000000, 0x0000000782680000, 0x00000007aab00000)
  object space 39424K, 31% used [0x0000000780000000,0x0000000780c39c80,0x0000000782680000)
 Metaspace       used 22468K, capacity 22722K, committed 23040K, reserved 1069056K
  class space    used 2721K, capacity 2782K, committed 2816K, reserved 1048576K
}
Event: 5.409 GC heap before
{Heap before GC invocations=10 (full 1):
 PSYoungGen      total 114688K, used 114344K [0x00000007aab00000, 0x00000007b3880000, 0x00000007c0000000)
  eden space 108544K, 99% used [0x00000007aab00000,0x00000007b14fcb00,0x00000007b1500000)
  from space 6144K, 94% used [0x00000007b3280000,0x00000007b382d578,0x00000007b3880000)
  to   space 8192K, 0% used [0x00000007b2880000,0x00000007b2880000,0x00000007b3080000)
 ParOldGen       total 39424K, used 12519K [0x0000000780000000, 0x0000000782680000, 0x00000007aab00000)
  object space 39424K, 31% used [0x0000000780000000,0x0000000780c39c80,0x0000000782680000)
 Metaspace       used 28232K, capacity 28492K, committed 28928K, reserved 1075200K
  class space    used 3419K, capacity 3461K, committed 3584K, reserved 1048576K
Event: 5.438 GC heap after
Heap after GC invocations=10 (full 1):
 PSYoungGen      total 136704K, used 8189K [0x00000007aab00000, 0x00000007b4e80000, 0x00000007c0000000)
  eden space 128512K, 0% used [0x00000007aab00000,0x00000007aab00000,0x00000007b2880000)
  from space 8192K, 99% used [0x00000007b2880000,0x00000007b307f7d8,0x00000007b3080000)
  to   space 9216K, 0% used [0x00000007b4580000,0x00000007b4580000,0x00000007b4e80000)
 ParOldGen       total 39424K, used 13822K [0x0000000780000000, 0x0000000782680000, 0x00000007aab00000)
  object space 39424K, 35% used [0x0000000780000000,0x0000000780d7fa50,0x0000000782680000)
 Metaspace       used 28232K, capacity 28492K, committed 28928K, reserved 1075200K
  class space    used 3419K, capacity 3461K, committed 3584K, reserved 1048576K
}
Event: 7.128 GC heap before
{Heap before GC invocations=11 (full 1):
 PSYoungGen      total 136704K, used 105132K [0x00000007aab00000, 0x00000007b4e80000, 0x00000007c0000000)
  eden space 128512K, 75% used [0x00000007aab00000,0x00000007b09ab968,0x00000007b2880000)
  from space 8192K, 99% used [0x00000007b2880000,0x00000007b307f7d8,0x00000007b3080000)
  to   space 9216K, 0% used [0x00000007b4580000,0x00000007b4580000,0x00000007b4e80000)
 ParOldGen       total 39424K, used 13822K [0x0000000780000000, 0x0000000782680000, 0x00000007aab00000)
  object space 39424K, 35% used [0x0000000780000000,0x0000000780d7fa50,0x0000000782680000)
 Metaspace       used 34925K, capacity 35210K, committed 35416K, reserved 1081344K
  class space    used 4229K, capacity 4328K, committed 4352K, reserved 1048576K
Event: 7.155 GC heap after
Heap after GC invocations=11 (full 1):
 PSYoungGen      total 155648K, used 9211K [0x00000007aab00000, 0x00000007b6b80000, 0x00000007c0000000)
  eden space 146432K, 0% used [0x00000007aab00000,0x00000007aab00000,0x00000007b3a00000)
  from space 9216K, 99% used [0x00000007b4580000,0x00000007b4e7ec48,0x00000007b4e80000)
  to   space 11776K, 0% used [0x00000007b3a00000,0x00000007b3a00000,0x00000007b4580000)
 ParOldGen       total 39424K, used 17447K [0x0000000780000000, 0x0000000782680000, 0x00000007aab00000)
  object space 39424K, 44% used [0x0000000780000000,0x0000000781109fa0,0x0000000782680000)
 Metaspace       used 34925K, capacity 35210K, committed 35416K, reserved 1081344K
  class space    used 4229K, capacity 4328K, committed 4352K, reserved 1048576K
}
Event: 7.155 GC heap before
{Heap before GC invocations=12 (full 2):
 PSYoungGen      total 155648K, used 9211K [0x00000007aab00000, 0x00000007b6b80000, 0x00000007c0000000)
  eden space 146432K, 0% used [0x00000007aab00000,0x00000007aab00000,0x00000007b3a00000)
  from space 9216K, 99% used [0x00000007b4580000,0x00000007b4e7ec48,0x00000007b4e80000)
  to   space 11776K, 0% used [0x00000007b3a00000,0x00000007b3a00000,0x00000007b4580000)
 ParOldGen       total 39424K, used 17447K [0x0000000780000000, 0x0000000782680000, 0x00000007aab00000)
  object space 39424K, 44% used [0x0000000780000000,0x0000000781109fa0,0x0000000782680000)
 Metaspace       used 34925K, capacity 35210K, committed 35416K, reserved 1081344K
  class space    used 4229K, capacity 4328K, committed 4352K, reserved 1048576K
Event: 7.252 GC heap after
Heap after GC invocations=12 (full 2):
 PSYoungGen      total 155648K, used 0K [0x00000007aab00000, 0x00000007b6b80000, 0x00000007c0000000)
  eden space 146432K, 0% used [0x00000007aab00000,0x00000007aab00000,0x00000007b3a00000)
  from space 9216K, 0% used [0x00000007b4580000,0x00000007b4580000,0x00000007b4e80000)
  to   space 11776K, 0% used [0x00000007b3a00000,0x00000007b3a00000,0x00000007b4580000)
 ParOldGen       total 58368K, used 21397K [0x0000000780000000, 0x0000000783900000, 0x00000007aab00000)
  object space 58368K, 36% used [0x0000000780000000,0x00000007814e5570,0x0000000783900000)
 Metaspace       used 34925K, capacity 35210K, committed 35416K, reserved 1081344K
  class space    used 4229K, capacity 4328K, committed 4352K, reserved 1048576K
}
Event: 10.448 GC heap before
{Heap before GC invocations=13 (full 2):
 PSYoungGen      total 155648K, used 146432K [0x00000007aab00000, 0x00000007b6b80000, 0x00000007c0000000)
  eden space 146432K, 100% used [0x00000007aab00000,0x00000007b3a00000,0x00000007b3a00000)
  from space 9216K, 0% used [0x00000007b4580000,0x00000007b4580000,0x00000007b4e80000)
  to   space 11776K, 0% used [0x00000007b3a00000,0x00000007b3a00000,0x00000007b4580000)
 ParOldGen       total 58368K, used 21397K [0x0000000780000000, 0x0000000783900000, 0x00000007aab00000)
  object space 58368K, 36% used [0x0000000780000000,0x00000007814e5570,0x0000000783900000)
 Metaspace       used 48225K, capacity 48642K, committed 49152K, reserved 1091584K
  class space    used 5966K, capacity 6071K, committed 6144K, reserved 1048576K
Event: 10.474 GC heap after
Heap after GC invocations=13 (full 2):
 PSYoungGen      total 158208K, used 11770K [0x00000007aab00000, 0x00000007b8500000, 0x00000007c0000000)
  eden space 146432K, 0% used [0x00000007aab00000,0x00000007aab00000,0x00000007b3a00000)
  from space 11776K, 99% used [0x00000007b3a00000,0x00000007b457ea80,0x00000007b4580000)
  to   space 15360K, 0% used [0x00000007b7600000,0x00000007b7600000,0x00000007b8500000)
 ParOldGen       total 58368K, used 26513K [0x0000000780000000, 0x0000000783900000, 0x00000007aab00000)
  object space 58368K, 45% used [0x0000000780000000,0x00000007819e4558,0x0000000783900000)
 Metaspace       used 48225K, capacity 48642K, committed 49152K, reserved 1091584K
  class space    used 5966K, capacity 6071K, committed 6144K, reserved 1048576K
}

